<?xml version="1.0" encoding="UTF-8"?>
<testsuite name="com.gemma.triage.InferenceTest" tests="9" skipped="0" failures="0" errors="0" timestamp="2026-05-05T19:37:44.371Z" hostname="LUCY" time="0.097">
  <properties/>
  <testcase name="SMSFormatter produces output within 160 chars" classname="com.gemma.triage.InferenceTest" time="0.042"/>
  <testcase name="parseTriageResult handles BLACK code" classname="com.gemma.triage.InferenceTest" time="0.042"/>
  <testcase name="parseTriageResult extracts RED from clean JSON" classname="com.gemma.triage.InferenceTest" time="0.001"/>
  <testcase name="parseTriageResult returns UNKNOWN on malformed output" classname="com.gemma.triage.InferenceTest" time="0.0"/>
  <testcase name="TTSState Done is emitted on last step utterance id" classname="com.gemma.triage.InferenceTest" time="0.0"/>
  <testcase name="isNextPatientCommand detects exit phrases" classname="com.gemma.triage.InferenceTest" time="0.0"/>
  <testcase name="parseTriageResult handles model preamble before JSON" classname="com.gemma.triage.InferenceTest" time="0.001"/>
  <testcase name="buildFollowUpPrompt includes patient context and history" classname="com.gemma.triage.InferenceTest" time="0.007"/>
  <testcase name="parseTriageResult handles expanded schema fields" classname="com.gemma.triage.InferenceTest" time="0.002"/>
  <system-out><![CDATA[]]></system-out>
  <system-err><![CDATA[]]></system-err>
</testsuite>
